2022-03-16 16:19:01,946 [Worker-4: Loading available Gradle versions] INFO  o.e.b.c.i.u.g.PublishedGradleVersions - Gradle version information cache is up-to-date. Trying to read.
2022-03-16 16:20:48,771 [Worker-12: Importing Maven projects] INFO  o.e.m.c.i.l.LifecycleMappingFactory - Using org.eclipse.m2e.jdt.JarLifecycleMapping lifecycle mapping for MavenProject: Mytheresa:E2EUserJourney:0.0.1-SNAPSHOT @ D:\selenium_Java_interviewPrep\TestNGProject\maven-selenium-webdriver-testng-example-project-master\maven-selenium-webdriver-testng-example-project-master\pom.xml.
2022-03-16 16:20:50,539 [Worker-12: Importing Maven projects] INFO  o.e.m.j.i.AbstractJavaProjectConfigurator - Adding source folder /E2EUserJourney/src/main/java
2022-03-16 16:20:50,542 [Worker-12: Importing Maven projects] INFO  o.e.m.j.i.AbstractJavaProjectConfigurator - Adding source folder /E2EUserJourney/src/test/java
2022-03-16 16:20:50,948 [Worker-12: Importing Maven projects] INFO  o.e.m.c.i.p.ProjectConfigurationManager - Imported and configured 1 project(s) in 4 sec
2022-03-16 16:20:53,501 [Worker-13: Building] INFO  o.e.m.c.i.embedder.EclipseLogger - Using 'UTF-8' encoding to copy filtered resources.
2022-03-16 16:20:53,501 [Worker-13: Building] INFO  o.e.m.c.i.embedder.EclipseLogger - skip non existing resourceDirectory D:\selenium_Java_interviewPrep\TestNGProject\maven-selenium-webdriver-testng-example-project-master\maven-selenium-webdriver-testng-example-project-master\src\main\java\resources
2022-03-16 16:20:53,504 [Worker-13: Building] INFO  o.e.m.c.i.embedder.EclipseLogger - Using 'UTF-8' encoding to copy filtered resources.
2022-03-16 16:20:53,504 [Worker-13: Building] INFO  o.e.m.c.i.embedder.EclipseLogger - skip non existing resourceDirectory D:\selenium_Java_interviewPrep\TestNGProject\maven-selenium-webdriver-testng-example-project-master\maven-selenium-webdriver-testng-example-project-master\src\test\resources
2022-03-16 16:21:26,458 [main] INFO  o.e.m2e.actions.ExecutePomAction - Creating new launch configuration
2022-03-16 16:21:39,438 [Worker-12: Launching Executing clean in D__selenium_Java_interviewPrep_TestNGProject_maven-selenium-webdriver-testng-example-project-master_maven-selenium-webdriver-testng-example-project-master] INFO  o.e.m.i.launch.MavenLaunchDelegate - D:\selenium_Java_interviewPrep\TestNGProject\maven-selenium-webdriver-testng-example-project-master\maven-selenium-webdriver-testng-example-project-master
2022-03-16 16:21:39,447 [Worker-12: Launching Executing clean in D__selenium_Java_interviewPrep_TestNGProject_maven-selenium-webdriver-testng-example-project-master_maven-selenium-webdriver-testng-example-project-master] INFO  o.e.m.i.launch.MavenLaunchDelegate -  mvn -B clean
2022-03-16 16:21:53,363 [Worker-13: Launching Executing install in D__selenium_Java_interviewPrep_TestNGProject_maven-selenium-webdriver-testng-example-project-master_maven-selenium-webdriver-testng-example-project-master] INFO  o.e.m.i.launch.MavenLaunchDelegate - D:\selenium_Java_interviewPrep\TestNGProject\maven-selenium-webdriver-testng-example-project-master\maven-selenium-webdriver-testng-example-project-master
2022-03-16 16:21:53,363 [Worker-13: Launching Executing install in D__selenium_Java_interviewPrep_TestNGProject_maven-selenium-webdriver-testng-example-project-master_maven-selenium-webdriver-testng-example-project-master] INFO  o.e.m.i.launch.MavenLaunchDelegate -  mvn -B install
2022-03-16 16:23:15,872 [Worker-14: Launching Executing install in D__selenium_Java_interviewPrep_TestNGProject_maven-selenium-webdriver-testng-example-project-master_maven-selenium-webdriver-testng-example-project-master] INFO  o.e.m.i.launch.MavenLaunchDelegate - D:\selenium_Java_interviewPrep\TestNGProject\maven-selenium-webdriver-testng-example-project-master\maven-selenium-webdriver-testng-example-project-master
2022-03-16 16:23:15,872 [Worker-14: Launching Executing install in D__selenium_Java_interviewPrep_TestNGProject_maven-selenium-webdriver-testng-example-project-master_maven-selenium-webdriver-testng-example-project-master] INFO  o.e.m.i.launch.MavenLaunchDelegate -  mvn -B install
2022-03-16 16:23:33,692 [Worker-8: Launching Executing test in D__selenium_Java_interviewPrep_TestNGProject_maven-selenium-webdriver-testng-example-project-master_maven-selenium-webdriver-testng-example-project-master] INFO  o.e.m.i.launch.MavenLaunchDelegate - D:\selenium_Java_interviewPrep\TestNGProject\maven-selenium-webdriver-testng-example-project-master\maven-selenium-webdriver-testng-example-project-master
2022-03-16 16:23:33,692 [Worker-8: Launching Executing test in D__selenium_Java_interviewPrep_TestNGProject_maven-selenium-webdriver-testng-example-project-master_maven-selenium-webdriver-testng-example-project-master] INFO  o.e.m.i.launch.MavenLaunchDelegate -  mvn -B test
2022-03-16 16:23:51,427 [main] INFO  o.e.m2e.actions.ExecutePomAction - Using existing launch configuration
2022-03-16 16:24:19,180 [Worker-15: Launching maven-selenium-webdriver-testng-example-project-master] INFO  o.e.m.i.launch.MavenLaunchDelegate - D:\selenium_Java_interviewPrep\TestNGProject\maven-selenium-webdriver-testng-example-project-master\maven-selenium-webdriver-testng-example-project-master
2022-03-16 16:24:19,180 [Worker-15: Launching maven-selenium-webdriver-testng-example-project-master] INFO  o.e.m.i.launch.MavenLaunchDelegate -  mvn -Pmvntest -B maventest
2022-03-16 16:24:26,628 [Worker-12: Building] INFO  o.e.m.c.i.embedder.EclipseLogger - Using 'UTF-8' encoding to copy filtered resources.
2022-03-16 16:24:26,628 [Worker-12: Building] INFO  o.e.m.c.i.embedder.EclipseLogger - skip non existing resourceDirectory D:\selenium_Java_interviewPrep\TestNGProject\maven-selenium-webdriver-testng-example-project-master\maven-selenium-webdriver-testng-example-project-master\src\main\java\resources
2022-03-16 16:24:26,630 [Worker-12: Building] INFO  o.e.m.c.i.embedder.EclipseLogger - Using 'UTF-8' encoding to copy filtered resources.
2022-03-16 16:24:26,631 [Worker-12: Building] INFO  o.e.m.c.i.embedder.EclipseLogger - skip non existing resourceDirectory D:\selenium_Java_interviewPrep\TestNGProject\maven-selenium-webdriver-testng-example-project-master\maven-selenium-webdriver-testng-example-project-master\src\test\resources
2022-03-16 16:24:58,888 [Worker-14: Launching Executing test in D__selenium_Java_interviewPrep_TestNGProject_maven-selenium-webdriver-testng-example-project-master_maven-selenium-webdriver-testng-example-project-master] INFO  o.e.m.i.launch.MavenLaunchDelegate - D:\selenium_Java_interviewPrep\TestNGProject\maven-selenium-webdriver-testng-example-project-master\maven-selenium-webdriver-testng-example-project-master
2022-03-16 16:24:58,888 [Worker-14: Launching Executing test in D__selenium_Java_interviewPrep_TestNGProject_maven-selenium-webdriver-testng-example-project-master_maven-selenium-webdriver-testng-example-project-master] INFO  o.e.m.i.launch.MavenLaunchDelegate -  mvn -B test
2022-03-16 16:26:18,888 [Worker-8: Launching Executing clean in D__selenium_Java_interviewPrep_TestNGProject_maven-selenium-webdriver-testng-example-project-master_maven-selenium-webdriver-testng-example-project-master] INFO  o.e.m.i.launch.MavenLaunchDelegate - D:\selenium_Java_interviewPrep\TestNGProject\maven-selenium-webdriver-testng-example-project-master\maven-selenium-webdriver-testng-example-project-master
2022-03-16 16:26:18,888 [Worker-8: Launching Executing clean in D__selenium_Java_interviewPrep_TestNGProject_maven-selenium-webdriver-testng-example-project-master_maven-selenium-webdriver-testng-example-project-master] INFO  o.e.m.i.launch.MavenLaunchDelegate -  mvn -B clean
2022-03-16 16:26:29,877 [Worker-8: Launching Executing generate-sources in D__selenium_Java_interviewPrep_TestNGProject_maven-selenium-webdriver-testng-example-project-master_maven-selenium-webdriver-testng-example-project-master] INFO  o.e.m.i.launch.MavenLaunchDelegate - D:\selenium_Java_interviewPrep\TestNGProject\maven-selenium-webdriver-testng-example-project-master\maven-selenium-webdriver-testng-example-project-master
2022-03-16 16:26:29,877 [Worker-8: Launching Executing generate-sources in D__selenium_Java_interviewPrep_TestNGProject_maven-selenium-webdriver-testng-example-project-master_maven-selenium-webdriver-testng-example-project-master] INFO  o.e.m.i.launch.MavenLaunchDelegate -  mvn -B generate-sources
2022-03-16 16:26:40,461 [Worker-8: Launching Executing install in D__selenium_Java_interviewPrep_TestNGProject_maven-selenium-webdriver-testng-example-project-master_maven-selenium-webdriver-testng-example-project-master] INFO  o.e.m.i.launch.MavenLaunchDelegate - D:\selenium_Java_interviewPrep\TestNGProject\maven-selenium-webdriver-testng-example-project-master\maven-selenium-webdriver-testng-example-project-master
2022-03-16 16:26:40,462 [Worker-8: Launching Executing install in D__selenium_Java_interviewPrep_TestNGProject_maven-selenium-webdriver-testng-example-project-master_maven-selenium-webdriver-testng-example-project-master] INFO  o.e.m.i.launch.MavenLaunchDelegate -  mvn -B install
2022-03-16 16:28:05,917 [Worker-12: Building] INFO  o.e.m.c.i.embedder.EclipseLogger - Using 'UTF-8' encoding to copy filtered resources.
2022-03-16 16:28:05,917 [Worker-12: Building] INFO  o.e.m.c.i.embedder.EclipseLogger - skip non existing resourceDirectory D:\selenium_Java_interviewPrep\TestNGProject\maven-selenium-webdriver-testng-example-project-master\maven-selenium-webdriver-testng-example-project-master\src\main\java\resources
2022-03-16 16:28:05,918 [Worker-12: Building] INFO  o.e.m.c.i.embedder.EclipseLogger - Using 'UTF-8' encoding to copy filtered resources.
2022-03-16 16:28:05,919 [Worker-12: Building] INFO  o.e.m.c.i.embedder.EclipseLogger - skip non existing resourceDirectory D:\selenium_Java_interviewPrep\TestNGProject\maven-selenium-webdriver-testng-example-project-master\maven-selenium-webdriver-testng-example-project-master\src\test\resources
2022-03-16 16:28:18,797 [Worker-8: Building] INFO  o.e.m.c.i.embedder.EclipseLogger - Using 'UTF-8' encoding to copy filtered resources.
2022-03-16 16:28:18,797 [Worker-8: Building] INFO  o.e.m.c.i.embedder.EclipseLogger - skip non existing resourceDirectory D:\selenium_Java_interviewPrep\TestNGProject\maven-selenium-webdriver-testng-example-project-master\maven-selenium-webdriver-testng-example-project-master\src\main\java\resources
2022-03-16 16:28:18,801 [Worker-8: Building] INFO  o.e.m.c.i.embedder.EclipseLogger - Using 'UTF-8' encoding to copy filtered resources.
2022-03-16 16:28:18,801 [Worker-8: Building] INFO  o.e.m.c.i.embedder.EclipseLogger - skip non existing resourceDirectory D:\selenium_Java_interviewPrep\TestNGProject\maven-selenium-webdriver-testng-example-project-master\maven-selenium-webdriver-testng-example-project-master\src\test\resources
2022-03-16 16:28:49,602 [Worker-14: Building] INFO  o.e.m.c.i.embedder.EclipseLogger - Using 'UTF-8' encoding to copy filtered resources.
2022-03-16 16:28:49,602 [Worker-14: Building] INFO  o.e.m.c.i.embedder.EclipseLogger - skip non existing resourceDirectory D:\selenium_Java_interviewPrep\TestNGProject\maven-selenium-webdriver-testng-example-project-master\maven-selenium-webdriver-testng-example-project-master\src\main\java\resources
2022-03-16 16:28:49,604 [Worker-14: Building] INFO  o.e.m.c.i.embedder.EclipseLogger - Using 'UTF-8' encoding to copy filtered resources.
2022-03-16 16:28:49,604 [Worker-14: Building] INFO  o.e.m.c.i.embedder.EclipseLogger - skip non existing resourceDirectory D:\selenium_Java_interviewPrep\TestNGProject\maven-selenium-webdriver-testng-example-project-master\maven-selenium-webdriver-testng-example-project-master\src\test\resources
2022-03-16 16:29:06,436 [Worker-16: Building] INFO  o.e.m.c.i.embedder.EclipseLogger - Using 'UTF-8' encoding to copy filtered resources.
2022-03-16 16:29:06,436 [Worker-16: Building] INFO  o.e.m.c.i.embedder.EclipseLogger - skip non existing resourceDirectory D:\selenium_Java_interviewPrep\TestNGProject\maven-selenium-webdriver-testng-example-project-master\maven-selenium-webdriver-testng-example-project-master\src\main\java\resources
2022-03-16 16:29:06,438 [Worker-16: Building] INFO  o.e.m.c.i.embedder.EclipseLogger - Using 'UTF-8' encoding to copy filtered resources.
2022-03-16 16:29:06,438 [Worker-16: Building] INFO  o.e.m.c.i.embedder.EclipseLogger - skip non existing resourceDirectory D:\selenium_Java_interviewPrep\TestNGProject\maven-selenium-webdriver-testng-example-project-master\maven-selenium-webdriver-testng-example-project-master\src\test\resources
2022-03-21 15:12:17,977 [Worker-22: Building] INFO  o.e.m.c.i.embedder.EclipseLogger - Using 'UTF-8' encoding to copy filtered resources.
2022-03-21 15:12:17,986 [Worker-22: Building] INFO  o.e.m.c.i.embedder.EclipseLogger - skip non existing resourceDirectory D:\selenium_Java_interviewPrep\TestNGProject\maven-selenium-webdriver-testng-example-project-master\maven-selenium-webdriver-testng-example-project-master\src\main\java\resources
2022-03-21 15:12:17,992 [Worker-22: Building] INFO  o.e.m.c.i.embedder.EclipseLogger - Using 'UTF-8' encoding to copy filtered resources.
2022-03-21 15:12:17,993 [Worker-22: Building] INFO  o.e.m.c.i.embedder.EclipseLogger - skip non existing resourceDirectory D:\selenium_Java_interviewPrep\TestNGProject\maven-selenium-webdriver-testng-example-project-master\maven-selenium-webdriver-testng-example-project-master\src\test\resources
2022-03-21 15:12:41,000 [Worker-19: Building] INFO  o.e.m.c.i.embedder.EclipseLogger - Using 'UTF-8' encoding to copy filtered resources.
2022-03-21 15:12:41,001 [Worker-19: Building] INFO  o.e.m.c.i.embedder.EclipseLogger - skip non existing resourceDirectory D:\selenium_Java_interviewPrep\TestNGProject\maven-selenium-webdriver-testng-example-project-master\maven-selenium-webdriver-testng-example-project-master\src\main\java\resources
2022-03-21 15:12:41,033 [Worker-19: Building] INFO  o.e.m.c.i.embedder.EclipseLogger - Using 'UTF-8' encoding to copy filtered resources.
2022-03-21 15:12:41,033 [Worker-19: Building] INFO  o.e.m.c.i.embedder.EclipseLogger - skip non existing resourceDirectory D:\selenium_Java_interviewPrep\TestNGProject\maven-selenium-webdriver-testng-example-project-master\maven-selenium-webdriver-testng-example-project-master\src\test\resources
2022-03-21 15:12:45,896 [Worker-17: Building] INFO  o.e.m.c.i.embedder.EclipseLogger - Using 'UTF-8' encoding to copy filtered resources.
2022-03-21 15:12:45,898 [Worker-17: Building] INFO  o.e.m.c.i.embedder.EclipseLogger - skip non existing resourceDirectory D:\selenium_Java_interviewPrep\TestNGProject\maven-selenium-webdriver-testng-example-project-master\maven-selenium-webdriver-testng-example-project-master\src\main\java\resources
2022-03-21 15:12:45,902 [Worker-17: Building] INFO  o.e.m.c.i.embedder.EclipseLogger - Using 'UTF-8' encoding to copy filtered resources.
2022-03-21 15:12:45,902 [Worker-17: Building] INFO  o.e.m.c.i.embedder.EclipseLogger - skip non existing resourceDirectory D:\selenium_Java_interviewPrep\TestNGProject\maven-selenium-webdriver-testng-example-project-master\maven-selenium-webdriver-testng-example-project-master\src\test\resources
2022-03-21 15:18:18,396 [Worker-17: Building] INFO  o.e.m.c.i.embedder.EclipseLogger - Using 'UTF-8' encoding to copy filtered resources.
2022-03-21 15:18:18,397 [Worker-17: Building] INFO  o.e.m.c.i.embedder.EclipseLogger - skip non existing resourceDirectory D:\selenium_Java_interviewPrep\TestNGProject\maven-selenium-webdriver-testng-example-project-master\maven-selenium-webdriver-testng-example-project-master\src\main\java\resources
2022-03-21 15:18:18,399 [Worker-17: Building] INFO  o.e.m.c.i.embedder.EclipseLogger - Using 'UTF-8' encoding to copy filtered resources.
2022-03-21 15:18:18,399 [Worker-17: Building] INFO  o.e.m.c.i.embedder.EclipseLogger - skip non existing resourceDirectory D:\selenium_Java_interviewPrep\TestNGProject\maven-selenium-webdriver-testng-example-project-master\maven-selenium-webdriver-testng-example-project-master\src\test\resources
2022-03-21 15:20:36,616 [Worker-24: Building] INFO  o.e.m.c.i.embedder.EclipseLogger - Using 'UTF-8' encoding to copy filtered resources.
2022-03-21 15:20:36,616 [Worker-24: Building] INFO  o.e.m.c.i.embedder.EclipseLogger - skip non existing resourceDirectory D:\selenium_Java_interviewPrep\TestNGProject\maven-selenium-webdriver-testng-example-project-master\maven-selenium-webdriver-testng-example-project-master\src\main\java\resources
2022-03-21 15:20:36,620 [Worker-24: Building] INFO  o.e.m.c.i.embedder.EclipseLogger - Using 'UTF-8' encoding to copy filtered resources.
2022-03-21 15:20:36,621 [Worker-24: Building] INFO  o.e.m.c.i.embedder.EclipseLogger - skip non existing resourceDirectory D:\selenium_Java_interviewPrep\TestNGProject\maven-selenium-webdriver-testng-example-project-master\maven-selenium-webdriver-testng-example-project-master\src\test\resources
2022-03-21 15:22:52,715 [Worker-20: Building] INFO  o.e.m.c.i.embedder.EclipseLogger - Using 'UTF-8' encoding to copy filtered resources.
2022-03-21 15:22:52,716 [Worker-20: Building] INFO  o.e.m.c.i.embedder.EclipseLogger - skip non existing resourceDirectory D:\selenium_Java_interviewPrep\TestNGProject\maven-selenium-webdriver-testng-example-project-master\maven-selenium-webdriver-testng-example-project-master\src\main\java\resources
2022-03-21 15:22:52,717 [Worker-20: Building] INFO  o.e.m.c.i.embedder.EclipseLogger - Using 'UTF-8' encoding to copy filtered resources.
2022-03-21 15:22:52,718 [Worker-20: Building] INFO  o.e.m.c.i.embedder.EclipseLogger - skip non existing resourceDirectory D:\selenium_Java_interviewPrep\TestNGProject\maven-selenium-webdriver-testng-example-project-master\maven-selenium-webdriver-testng-example-project-master\src\test\resources
2022-03-21 15:23:12,023 [Worker-17: Building] INFO  o.e.m.c.i.embedder.EclipseLogger - Using 'UTF-8' encoding to copy filtered resources.
2022-03-21 15:23:12,023 [Worker-17: Building] INFO  o.e.m.c.i.embedder.EclipseLogger - skip non existing resourceDirectory D:\selenium_Java_interviewPrep\TestNGProject\maven-selenium-webdriver-testng-example-project-master\maven-selenium-webdriver-testng-example-project-master\src\main\java\resources
2022-03-21 15:23:12,025 [Worker-17: Building] INFO  o.e.m.c.i.embedder.EclipseLogger - Using 'UTF-8' encoding to copy filtered resources.
2022-03-21 15:23:12,025 [Worker-17: Building] INFO  o.e.m.c.i.embedder.EclipseLogger - skip non existing resourceDirectory D:\selenium_Java_interviewPrep\TestNGProject\maven-selenium-webdriver-testng-example-project-master\maven-selenium-webdriver-testng-example-project-master\src\test\resources
2022-03-21 15:23:27,555 [Worker-23: Building] INFO  o.e.m.c.i.embedder.EclipseLogger - Using 'UTF-8' encoding to copy filtered resources.
2022-03-21 15:23:27,556 [Worker-23: Building] INFO  o.e.m.c.i.embedder.EclipseLogger - skip non existing resourceDirectory D:\selenium_Java_interviewPrep\TestNGProject\maven-selenium-webdriver-testng-example-project-master\maven-selenium-webdriver-testng-example-project-master\src\main\java\resources
2022-03-21 15:23:27,557 [Worker-23: Building] INFO  o.e.m.c.i.embedder.EclipseLogger - Using 'UTF-8' encoding to copy filtered resources.
2022-03-21 15:23:27,558 [Worker-23: Building] INFO  o.e.m.c.i.embedder.EclipseLogger - skip non existing resourceDirectory D:\selenium_Java_interviewPrep\TestNGProject\maven-selenium-webdriver-testng-example-project-master\maven-selenium-webdriver-testng-example-project-master\src\test\resources
2022-03-21 15:23:37,533 [Worker-23: Building] INFO  o.e.m.c.i.embedder.EclipseLogger - Using 'UTF-8' encoding to copy filtered resources.
2022-03-21 15:23:37,533 [Worker-23: Building] INFO  o.e.m.c.i.embedder.EclipseLogger - skip non existing resourceDirectory D:\selenium_Java_interviewPrep\TestNGProject\maven-selenium-webdriver-testng-example-project-master\maven-selenium-webdriver-testng-example-project-master\src\main\java\resources
2022-03-21 15:23:37,534 [Worker-23: Building] INFO  o.e.m.c.i.embedder.EclipseLogger - Using 'UTF-8' encoding to copy filtered resources.
2022-03-21 15:23:37,535 [Worker-23: Building] INFO  o.e.m.c.i.embedder.EclipseLogger - skip non existing resourceDirectory D:\selenium_Java_interviewPrep\TestNGProject\maven-selenium-webdriver-testng-example-project-master\maven-selenium-webdriver-testng-example-project-master\src\test\resources
2022-03-21 15:23:45,178 [Worker-17: Building] INFO  o.e.m.c.i.embedder.EclipseLogger - Using 'UTF-8' encoding to copy filtered resources.
2022-03-21 15:23:45,179 [Worker-17: Building] INFO  o.e.m.c.i.embedder.EclipseLogger - skip non existing resourceDirectory D:\selenium_Java_interviewPrep\TestNGProject\maven-selenium-webdriver-testng-example-project-master\maven-selenium-webdriver-testng-example-project-master\src\main\java\resources
2022-03-21 15:23:45,183 [Worker-17: Building] INFO  o.e.m.c.i.embedder.EclipseLogger - Using 'UTF-8' encoding to copy filtered resources.
2022-03-21 15:23:45,183 [Worker-17: Building] INFO  o.e.m.c.i.embedder.EclipseLogger - skip non existing resourceDirectory D:\selenium_Java_interviewPrep\TestNGProject\maven-selenium-webdriver-testng-example-project-master\maven-selenium-webdriver-testng-example-project-master\src\test\resources
2022-03-21 15:24:03,407 [Worker-24: Building] INFO  o.e.m.c.i.embedder.EclipseLogger - Using 'UTF-8' encoding to copy filtered resources.
2022-03-21 15:24:03,408 [Worker-24: Building] INFO  o.e.m.c.i.embedder.EclipseLogger - skip non existing resourceDirectory D:\selenium_Java_interviewPrep\TestNGProject\maven-selenium-webdriver-testng-example-project-master\maven-selenium-webdriver-testng-example-project-master\src\main\java\resources
2022-03-21 15:24:03,410 [Worker-24: Building] INFO  o.e.m.c.i.embedder.EclipseLogger - Using 'UTF-8' encoding to copy filtered resources.
2022-03-21 15:24:03,410 [Worker-24: Building] INFO  o.e.m.c.i.embedder.EclipseLogger - skip non existing resourceDirectory D:\selenium_Java_interviewPrep\TestNGProject\maven-selenium-webdriver-testng-example-project-master\maven-selenium-webdriver-testng-example-project-master\src\test\resources
2022-03-21 15:24:46,128 [Worker-25: Building] INFO  o.e.m.c.i.embedder.EclipseLogger - Using 'UTF-8' encoding to copy filtered resources.
2022-03-21 15:24:46,128 [Worker-25: Building] INFO  o.e.m.c.i.embedder.EclipseLogger - skip non existing resourceDirectory D:\selenium_Java_interviewPrep\TestNGProject\maven-selenium-webdriver-testng-example-project-master\maven-selenium-webdriver-testng-example-project-master\src\main\java\resources
2022-03-21 15:24:46,130 [Worker-25: Building] INFO  o.e.m.c.i.embedder.EclipseLogger - Using 'UTF-8' encoding to copy filtered resources.
2022-03-21 15:24:46,130 [Worker-25: Building] INFO  o.e.m.c.i.embedder.EclipseLogger - skip non existing resourceDirectory D:\selenium_Java_interviewPrep\TestNGProject\maven-selenium-webdriver-testng-example-project-master\maven-selenium-webdriver-testng-example-project-master\src\test\resources
2022-03-21 15:25:13,552 [Worker-25: Building] INFO  o.e.m.c.i.embedder.EclipseLogger - Using 'UTF-8' encoding to copy filtered resources.
2022-03-21 15:25:13,553 [Worker-25: Building] INFO  o.e.m.c.i.embedder.EclipseLogger - skip non existing resourceDirectory D:\selenium_Java_interviewPrep\TestNGProject\maven-selenium-webdriver-testng-example-project-master\maven-selenium-webdriver-testng-example-project-master\src\main\java\resources
2022-03-21 15:25:13,556 [Worker-25: Building] INFO  o.e.m.c.i.embedder.EclipseLogger - Using 'UTF-8' encoding to copy filtered resources.
2022-03-21 15:25:13,556 [Worker-25: Building] INFO  o.e.m.c.i.embedder.EclipseLogger - skip non existing resourceDirectory D:\selenium_Java_interviewPrep\TestNGProject\maven-selenium-webdriver-testng-example-project-master\maven-selenium-webdriver-testng-example-project-master\src\test\resources
2022-03-21 15:25:52,682 [Worker-24: Building] INFO  o.e.m.c.i.embedder.EclipseLogger - Using 'UTF-8' encoding to copy filtered resources.
2022-03-21 15:25:52,682 [Worker-24: Building] INFO  o.e.m.c.i.embedder.EclipseLogger - skip non existing resourceDirectory D:\selenium_Java_interviewPrep\TestNGProject\maven-selenium-webdriver-testng-example-project-master\maven-selenium-webdriver-testng-example-project-master\src\main\java\resources
2022-03-21 15:25:52,683 [Worker-24: Building] INFO  o.e.m.c.i.embedder.EclipseLogger - Using 'UTF-8' encoding to copy filtered resources.
2022-03-21 15:25:52,683 [Worker-24: Building] INFO  o.e.m.c.i.embedder.EclipseLogger - skip non existing resourceDirectory D:\selenium_Java_interviewPrep\TestNGProject\maven-selenium-webdriver-testng-example-project-master\maven-selenium-webdriver-testng-example-project-master\src\test\resources
2022-03-21 15:26:19,703 [Worker-20: Building] INFO  o.e.m.c.i.embedder.EclipseLogger - Using 'UTF-8' encoding to copy filtered resources.
2022-03-21 15:26:19,703 [Worker-20: Building] INFO  o.e.m.c.i.embedder.EclipseLogger - skip non existing resourceDirectory D:\selenium_Java_interviewPrep\TestNGProject\maven-selenium-webdriver-testng-example-project-master\maven-selenium-webdriver-testng-example-project-master\src\main\java\resources
2022-03-21 15:26:19,705 [Worker-20: Building] INFO  o.e.m.c.i.embedder.EclipseLogger - Using 'UTF-8' encoding to copy filtered resources.
2022-03-21 15:26:19,705 [Worker-20: Building] INFO  o.e.m.c.i.embedder.EclipseLogger - skip non existing resourceDirectory D:\selenium_Java_interviewPrep\TestNGProject\maven-selenium-webdriver-testng-example-project-master\maven-selenium-webdriver-testng-example-project-master\src\test\resources
2022-03-21 15:26:57,158 [Worker-17: Building] INFO  o.e.m.c.i.embedder.EclipseLogger - Using 'UTF-8' encoding to copy filtered resources.
2022-03-21 15:26:57,159 [Worker-17: Building] INFO  o.e.m.c.i.embedder.EclipseLogger - skip non existing resourceDirectory D:\selenium_Java_interviewPrep\TestNGProject\maven-selenium-webdriver-testng-example-project-master\maven-selenium-webdriver-testng-example-project-master\src\main\java\resources
2022-03-21 15:26:57,160 [Worker-17: Building] INFO  o.e.m.c.i.embedder.EclipseLogger - Using 'UTF-8' encoding to copy filtered resources.
2022-03-21 15:26:57,161 [Worker-17: Building] INFO  o.e.m.c.i.embedder.EclipseLogger - skip non existing resourceDirectory D:\selenium_Java_interviewPrep\TestNGProject\maven-selenium-webdriver-testng-example-project-master\maven-selenium-webdriver-testng-example-project-master\src\test\resources
2022-03-21 15:27:08,373 [Worker-24: Building] INFO  o.e.m.c.i.embedder.EclipseLogger - Using 'UTF-8' encoding to copy filtered resources.
2022-03-21 15:27:08,374 [Worker-24: Building] INFO  o.e.m.c.i.embedder.EclipseLogger - skip non existing resourceDirectory D:\selenium_Java_interviewPrep\TestNGProject\maven-selenium-webdriver-testng-example-project-master\maven-selenium-webdriver-testng-example-project-master\src\main\java\resources
2022-03-21 15:27:08,375 [Worker-24: Building] INFO  o.e.m.c.i.embedder.EclipseLogger - Using 'UTF-8' encoding to copy filtered resources.
2022-03-21 15:27:08,376 [Worker-24: Building] INFO  o.e.m.c.i.embedder.EclipseLogger - skip non existing resourceDirectory D:\selenium_Java_interviewPrep\TestNGProject\maven-selenium-webdriver-testng-example-project-master\maven-selenium-webdriver-testng-example-project-master\src\test\resources
2022-03-21 15:27:16,018 [Worker-24: Building] INFO  o.e.m.c.i.embedder.EclipseLogger - Using 'UTF-8' encoding to copy filtered resources.
2022-03-21 15:27:16,018 [Worker-24: Building] INFO  o.e.m.c.i.embedder.EclipseLogger - skip non existing resourceDirectory D:\selenium_Java_interviewPrep\TestNGProject\maven-selenium-webdriver-testng-example-project-master\maven-selenium-webdriver-testng-example-project-master\src\main\java\resources
2022-03-21 15:27:16,019 [Worker-24: Building] INFO  o.e.m.c.i.embedder.EclipseLogger - Using 'UTF-8' encoding to copy filtered resources.
2022-03-21 15:27:16,019 [Worker-24: Building] INFO  o.e.m.c.i.embedder.EclipseLogger - skip non existing resourceDirectory D:\selenium_Java_interviewPrep\TestNGProject\maven-selenium-webdriver-testng-example-project-master\maven-selenium-webdriver-testng-example-project-master\src\test\resources
2022-03-21 15:27:24,298 [Worker-20: Building] INFO  o.e.m.c.i.embedder.EclipseLogger - Using 'UTF-8' encoding to copy filtered resources.
2022-03-21 15:27:24,298 [Worker-20: Building] INFO  o.e.m.c.i.embedder.EclipseLogger - skip non existing resourceDirectory D:\selenium_Java_interviewPrep\TestNGProject\maven-selenium-webdriver-testng-example-project-master\maven-selenium-webdriver-testng-example-project-master\src\main\java\resources
2022-03-21 15:27:24,300 [Worker-20: Building] INFO  o.e.m.c.i.embedder.EclipseLogger - Using 'UTF-8' encoding to copy filtered resources.
2022-03-21 15:27:24,300 [Worker-20: Building] INFO  o.e.m.c.i.embedder.EclipseLogger - skip non existing resourceDirectory D:\selenium_Java_interviewPrep\TestNGProject\maven-selenium-webdriver-testng-example-project-master\maven-selenium-webdriver-testng-example-project-master\src\test\resources
2022-03-21 15:27:49,817 [Worker-23: Building] INFO  o.e.m.c.i.embedder.EclipseLogger - Using 'UTF-8' encoding to copy filtered resources.
2022-03-21 15:27:49,818 [Worker-23: Building] INFO  o.e.m.c.i.embedder.EclipseLogger - skip non existing resourceDirectory D:\selenium_Java_interviewPrep\TestNGProject\maven-selenium-webdriver-testng-example-project-master\maven-selenium-webdriver-testng-example-project-master\src\main\java\resources
2022-03-21 15:27:49,820 [Worker-23: Building] INFO  o.e.m.c.i.embedder.EclipseLogger - Using 'UTF-8' encoding to copy filtered resources.
2022-03-21 15:27:49,821 [Worker-23: Building] INFO  o.e.m.c.i.embedder.EclipseLogger - skip non existing resourceDirectory D:\selenium_Java_interviewPrep\TestNGProject\maven-selenium-webdriver-testng-example-project-master\maven-selenium-webdriver-testng-example-project-master\src\test\resources
2022-03-21 15:28:16,089 [Worker-20: Building] INFO  o.e.m.c.i.embedder.EclipseLogger - Using 'UTF-8' encoding to copy filtered resources.
2022-03-21 15:28:16,089 [Worker-20: Building] INFO  o.e.m.c.i.embedder.EclipseLogger - skip non existing resourceDirectory D:\selenium_Java_interviewPrep\TestNGProject\maven-selenium-webdriver-testng-example-project-master\maven-selenium-webdriver-testng-example-project-master\src\main\java\resources
2022-03-21 15:28:16,090 [Worker-20: Building] INFO  o.e.m.c.i.embedder.EclipseLogger - Using 'UTF-8' encoding to copy filtered resources.
2022-03-21 15:28:16,090 [Worker-20: Building] INFO  o.e.m.c.i.embedder.EclipseLogger - skip non existing resourceDirectory D:\selenium_Java_interviewPrep\TestNGProject\maven-selenium-webdriver-testng-example-project-master\maven-selenium-webdriver-testng-example-project-master\src\test\resources
2022-03-23 14:23:00,751 [Worker-31: Building] INFO  o.e.m.c.i.embedder.EclipseLogger - Using 'UTF-8' encoding to copy filtered resources.
2022-03-23 14:23:00,813 [Worker-31: Building] INFO  o.e.m.c.i.embedder.EclipseLogger - skip non existing resourceDirectory D:\selenium_Java_interviewPrep\TestNGProject\maven-selenium-webdriver-testng-example-project-master\maven-selenium-webdriver-testng-example-project-master\src\main\java\resources
2022-03-23 14:23:00,818 [Worker-31: Building] INFO  o.e.m.c.i.embedder.EclipseLogger - Using 'UTF-8' encoding to copy filtered resources.
2022-03-23 14:23:00,818 [Worker-31: Building] INFO  o.e.m.c.i.embedder.EclipseLogger - skip non existing resourceDirectory D:\selenium_Java_interviewPrep\TestNGProject\maven-selenium-webdriver-testng-example-project-master\maven-selenium-webdriver-testng-example-project-master\src\test\resources
2022-03-23 15:17:39,536 [Worker-36: Building] INFO  o.e.m.c.i.embedder.EclipseLogger - Using 'UTF-8' encoding to copy filtered resources.
2022-03-23 15:17:39,538 [Worker-36: Building] INFO  o.e.m.c.i.embedder.EclipseLogger - skip non existing resourceDirectory D:\selenium_Java_interviewPrep\TestNGProject\maven-selenium-webdriver-testng-example-project-master\maven-selenium-webdriver-testng-example-project-master\src\main\java\resources
2022-03-23 15:17:39,550 [Worker-36: Building] INFO  o.e.m.c.i.embedder.EclipseLogger - Using 'UTF-8' encoding to copy filtered resources.
2022-03-23 15:17:39,551 [Worker-36: Building] INFO  o.e.m.c.i.embedder.EclipseLogger - skip non existing resourceDirectory D:\selenium_Java_interviewPrep\TestNGProject\maven-selenium-webdriver-testng-example-project-master\maven-selenium-webdriver-testng-example-project-master\src\test\resources
2022-03-23 15:17:55,597 [Worker-36: Building] INFO  o.e.m.c.i.embedder.EclipseLogger - Using 'UTF-8' encoding to copy filtered resources.
2022-03-23 15:17:55,597 [Worker-36: Building] INFO  o.e.m.c.i.embedder.EclipseLogger - skip non existing resourceDirectory D:\selenium_Java_interviewPrep\TestNGProject\maven-selenium-webdriver-testng-example-project-master\maven-selenium-webdriver-testng-example-project-master\src\main\java\resources
2022-03-23 15:17:55,598 [Worker-36: Building] INFO  o.e.m.c.i.embedder.EclipseLogger - Using 'UTF-8' encoding to copy filtered resources.
2022-03-23 15:17:55,598 [Worker-36: Building] INFO  o.e.m.c.i.embedder.EclipseLogger - skip non existing resourceDirectory D:\selenium_Java_interviewPrep\TestNGProject\maven-selenium-webdriver-testng-example-project-master\maven-selenium-webdriver-testng-example-project-master\src\test\resources
2022-03-23 15:18:49,973 [Worker-34: Building] INFO  o.e.m.c.i.embedder.EclipseLogger - Using 'UTF-8' encoding to copy filtered resources.
2022-03-23 15:18:49,974 [Worker-34: Building] INFO  o.e.m.c.i.embedder.EclipseLogger - skip non existing resourceDirectory D:\selenium_Java_interviewPrep\TestNGProject\maven-selenium-webdriver-testng-example-project-master\maven-selenium-webdriver-testng-example-project-master\src\main\java\resources
2022-03-23 15:18:49,975 [Worker-34: Building] INFO  o.e.m.c.i.embedder.EclipseLogger - Using 'UTF-8' encoding to copy filtered resources.
2022-03-23 15:18:49,975 [Worker-34: Building] INFO  o.e.m.c.i.embedder.EclipseLogger - skip non existing resourceDirectory D:\selenium_Java_interviewPrep\TestNGProject\maven-selenium-webdriver-testng-example-project-master\maven-selenium-webdriver-testng-example-project-master\src\test\resources
2022-03-23 15:19:04,061 [Worker-34: Building] INFO  o.e.m.c.i.embedder.EclipseLogger - Using 'UTF-8' encoding to copy filtered resources.
2022-03-23 15:19:04,061 [Worker-34: Building] INFO  o.e.m.c.i.embedder.EclipseLogger - skip non existing resourceDirectory D:\selenium_Java_interviewPrep\TestNGProject\maven-selenium-webdriver-testng-example-project-master\maven-selenium-webdriver-testng-example-project-master\src\main\java\resources
2022-03-23 15:19:04,064 [Worker-34: Building] INFO  o.e.m.c.i.embedder.EclipseLogger - Using 'UTF-8' encoding to copy filtered resources.
2022-03-23 15:19:04,065 [Worker-34: Building] INFO  o.e.m.c.i.embedder.EclipseLogger - skip non existing resourceDirectory D:\selenium_Java_interviewPrep\TestNGProject\maven-selenium-webdriver-testng-example-project-master\maven-selenium-webdriver-testng-example-project-master\src\test\resources
2022-03-23 15:19:12,391 [Worker-36: Building] INFO  o.e.m.c.i.embedder.EclipseLogger - Using 'UTF-8' encoding to copy filtered resources.
2022-03-23 15:19:12,392 [Worker-36: Building] INFO  o.e.m.c.i.embedder.EclipseLogger - skip non existing resourceDirectory D:\selenium_Java_interviewPrep\TestNGProject\maven-selenium-webdriver-testng-example-project-master\maven-selenium-webdriver-testng-example-project-master\src\main\java\resources
2022-03-23 15:19:12,393 [Worker-36: Building] INFO  o.e.m.c.i.embedder.EclipseLogger - Using 'UTF-8' encoding to copy filtered resources.
2022-03-23 15:19:12,393 [Worker-36: Building] INFO  o.e.m.c.i.embedder.EclipseLogger - skip non existing resourceDirectory D:\selenium_Java_interviewPrep\TestNGProject\maven-selenium-webdriver-testng-example-project-master\maven-selenium-webdriver-testng-example-project-master\src\test\resources
2022-03-23 15:19:28,160 [Worker-38: Building] INFO  o.e.m.c.i.embedder.EclipseLogger - Using 'UTF-8' encoding to copy filtered resources.
2022-03-23 15:19:28,160 [Worker-38: Building] INFO  o.e.m.c.i.embedder.EclipseLogger - skip non existing resourceDirectory D:\selenium_Java_interviewPrep\TestNGProject\maven-selenium-webdriver-testng-example-project-master\maven-selenium-webdriver-testng-example-project-master\src\main\java\resources
2022-03-23 15:19:28,163 [Worker-38: Building] INFO  o.e.m.c.i.embedder.EclipseLogger - Using 'UTF-8' encoding to copy filtered resources.
2022-03-23 15:19:28,163 [Worker-38: Building] INFO  o.e.m.c.i.embedder.EclipseLogger - skip non existing resourceDirectory D:\selenium_Java_interviewPrep\TestNGProject\maven-selenium-webdriver-testng-example-project-master\maven-selenium-webdriver-testng-example-project-master\src\test\resources
2022-03-23 15:19:52,825 [Worker-35: Building] INFO  o.e.m.c.i.embedder.EclipseLogger - Using 'UTF-8' encoding to copy filtered resources.
2022-03-23 15:19:52,826 [Worker-35: Building] INFO  o.e.m.c.i.embedder.EclipseLogger - skip non existing resourceDirectory D:\selenium_Java_interviewPrep\TestNGProject\maven-selenium-webdriver-testng-example-project-master\maven-selenium-webdriver-testng-example-project-master\src\main\java\resources
2022-03-23 15:19:52,827 [Worker-35: Building] INFO  o.e.m.c.i.embedder.EclipseLogger - Using 'UTF-8' encoding to copy filtered resources.
2022-03-23 15:19:52,827 [Worker-35: Building] INFO  o.e.m.c.i.embedder.EclipseLogger - skip non existing resourceDirectory D:\selenium_Java_interviewPrep\TestNGProject\maven-selenium-webdriver-testng-example-project-master\maven-selenium-webdriver-testng-example-project-master\src\test\resources
2022-03-23 15:19:58,913 [Worker-35: Building] INFO  o.e.m.c.i.embedder.EclipseLogger - Using 'UTF-8' encoding to copy filtered resources.
2022-03-23 15:19:58,913 [Worker-35: Building] INFO  o.e.m.c.i.embedder.EclipseLogger - skip non existing resourceDirectory D:\selenium_Java_interviewPrep\TestNGProject\maven-selenium-webdriver-testng-example-project-master\maven-selenium-webdriver-testng-example-project-master\src\main\java\resources
2022-03-23 15:19:58,915 [Worker-35: Building] INFO  o.e.m.c.i.embedder.EclipseLogger - Using 'UTF-8' encoding to copy filtered resources.
2022-03-23 15:19:58,915 [Worker-35: Building] INFO  o.e.m.c.i.embedder.EclipseLogger - skip non existing resourceDirectory D:\selenium_Java_interviewPrep\TestNGProject\maven-selenium-webdriver-testng-example-project-master\maven-selenium-webdriver-testng-example-project-master\src\test\resources
2022-03-23 15:20:48,512 [Worker-35: Building] INFO  o.e.m.c.i.embedder.EclipseLogger - Using 'UTF-8' encoding to copy filtered resources.
2022-03-23 15:20:48,512 [Worker-35: Building] INFO  o.e.m.c.i.embedder.EclipseLogger - skip non existing resourceDirectory D:\selenium_Java_interviewPrep\TestNGProject\maven-selenium-webdriver-testng-example-project-master\maven-selenium-webdriver-testng-example-project-master\src\main\java\resources
2022-03-23 15:20:48,513 [Worker-35: Building] INFO  o.e.m.c.i.embedder.EclipseLogger - Using 'UTF-8' encoding to copy filtered resources.
2022-03-23 15:20:48,514 [Worker-35: Building] INFO  o.e.m.c.i.embedder.EclipseLogger - skip non existing resourceDirectory D:\selenium_Java_interviewPrep\TestNGProject\maven-selenium-webdriver-testng-example-project-master\maven-selenium-webdriver-testng-example-project-master\src\test\resources
2022-03-23 16:05:30,638 [Worker-43: Building] INFO  o.e.m.c.i.embedder.EclipseLogger - Using 'UTF-8' encoding to copy filtered resources.
2022-03-23 16:05:30,639 [Worker-43: Building] INFO  o.e.m.c.i.embedder.EclipseLogger - skip non existing resourceDirectory D:\selenium_Java_interviewPrep\TestNGProject\maven-selenium-webdriver-testng-example-project-master\maven-selenium-webdriver-testng-example-project-master\src\main\java\resources
2022-03-23 16:05:30,640 [Worker-43: Building] INFO  o.e.m.c.i.embedder.EclipseLogger - Using 'UTF-8' encoding to copy filtered resources.
2022-03-23 16:05:30,640 [Worker-43: Building] INFO  o.e.m.c.i.embedder.EclipseLogger - skip non existing resourceDirectory D:\selenium_Java_interviewPrep\TestNGProject\maven-selenium-webdriver-testng-example-project-master\maven-selenium-webdriver-testng-example-project-master\src\test\resources
2022-03-23 16:09:15,678 [Worker-35: Building] INFO  o.e.m.c.i.embedder.EclipseLogger - Using 'UTF-8' encoding to copy filtered resources.
2022-03-23 16:09:15,678 [Worker-35: Building] INFO  o.e.m.c.i.embedder.EclipseLogger - skip non existing resourceDirectory D:\selenium_Java_interviewPrep\TestNGProject\maven-selenium-webdriver-testng-example-project-master\maven-selenium-webdriver-testng-example-project-master\src\main\java\resources
2022-03-23 16:09:15,680 [Worker-35: Building] INFO  o.e.m.c.i.embedder.EclipseLogger - Using 'UTF-8' encoding to copy filtered resources.
2022-03-23 16:09:15,681 [Worker-35: Building] INFO  o.e.m.c.i.embedder.EclipseLogger - skip non existing resourceDirectory D:\selenium_Java_interviewPrep\TestNGProject\maven-selenium-webdriver-testng-example-project-master\maven-selenium-webdriver-testng-example-project-master\src\test\resources
2022-03-23 16:20:37,937 [Worker-45: Building] INFO  o.e.m.c.i.embedder.EclipseLogger - Using 'UTF-8' encoding to copy filtered resources.
2022-03-23 16:20:37,938 [Worker-45: Building] INFO  o.e.m.c.i.embedder.EclipseLogger - skip non existing resourceDirectory D:\selenium_Java_interviewPrep\TestNGProject\maven-selenium-webdriver-testng-example-project-master\maven-selenium-webdriver-testng-example-project-master\src\main\java\resources
2022-03-23 16:20:37,939 [Worker-45: Building] INFO  o.e.m.c.i.embedder.EclipseLogger - Using 'UTF-8' encoding to copy filtered resources.
2022-03-23 16:20:37,940 [Worker-45: Building] INFO  o.e.m.c.i.embedder.EclipseLogger - skip non existing resourceDirectory D:\selenium_Java_interviewPrep\TestNGProject\maven-selenium-webdriver-testng-example-project-master\maven-selenium-webdriver-testng-example-project-master\src\test\resources
2022-03-23 16:21:10,938 [Worker-48: Building] INFO  o.e.m.c.i.embedder.EclipseLogger - Using 'UTF-8' encoding to copy filtered resources.
2022-03-23 16:21:10,938 [Worker-48: Building] INFO  o.e.m.c.i.embedder.EclipseLogger - skip non existing resourceDirectory D:\selenium_Java_interviewPrep\TestNGProject\maven-selenium-webdriver-testng-example-project-master\maven-selenium-webdriver-testng-example-project-master\src\main\java\resources
2022-03-23 16:21:10,939 [Worker-48: Building] INFO  o.e.m.c.i.embedder.EclipseLogger - Using 'UTF-8' encoding to copy filtered resources.
2022-03-23 16:21:10,940 [Worker-48: Building] INFO  o.e.m.c.i.embedder.EclipseLogger - skip non existing resourceDirectory D:\selenium_Java_interviewPrep\TestNGProject\maven-selenium-webdriver-testng-example-project-master\maven-selenium-webdriver-testng-example-project-master\src\test\resources
2022-03-25 00:52:05,363 [Worker-49: Launching Executing install in D__selenium_Java_interviewPrep_TestNGProject_maven-selenium-webdriver-testng-example-project-master_maven-selenium-webdriver-testng-example-project-master] INFO  o.e.m.i.launch.MavenLaunchDelegate - D:\selenium_Java_interviewPrep\TestNGProject\maven-selenium-webdriver-testng-example-project-master\maven-selenium-webdriver-testng-example-project-master
2022-03-25 00:52:05,368 [Worker-49: Launching Executing install in D__selenium_Java_interviewPrep_TestNGProject_maven-selenium-webdriver-testng-example-project-master_maven-selenium-webdriver-testng-example-project-master] INFO  o.e.m.i.launch.MavenLaunchDelegate -  mvn -B install
2022-03-25 00:52:45,605 [Worker-49: Building] INFO  o.e.m.c.i.l.LifecycleMappingFactory - Using org.eclipse.m2e.jdt.JarLifecycleMapping lifecycle mapping for MavenProject: Mytheresa:E2EUserJourney:0.0.1-SNAPSHOT @ D:\selenium_Java_interviewPrep\TestNGProject\maven-selenium-webdriver-testng-example-project-master\maven-selenium-webdriver-testng-example-project-master\pom.xml.
2022-03-25 00:52:47,086 [Worker-49: Building] INFO  o.e.m.c.i.embedder.EclipseLogger - Using 'UTF-8' encoding to copy filtered resources.
2022-03-25 00:52:47,086 [Worker-49: Building] INFO  o.e.m.c.i.embedder.EclipseLogger - skip non existing resourceDirectory D:\selenium_Java_interviewPrep\TestNGProject\maven-selenium-webdriver-testng-example-project-master\maven-selenium-webdriver-testng-example-project-master\src\main\java\resources
2022-03-25 00:52:47,091 [Worker-49: Building] INFO  o.e.m.c.i.embedder.EclipseLogger - Using 'UTF-8' encoding to copy filtered resources.
2022-03-25 00:52:47,092 [Worker-49: Building] INFO  o.e.m.c.i.embedder.EclipseLogger - skip non existing resourceDirectory D:\selenium_Java_interviewPrep\TestNGProject\maven-selenium-webdriver-testng-example-project-master\maven-selenium-webdriver-testng-example-project-master\src\test\resources
2022-03-25 00:52:51,141 [Worker-45: Launching Executing install in D__selenium_Java_interviewPrep_TestNGProject_maven-selenium-webdriver-testng-example-project-master_maven-selenium-webdriver-testng-example-project-master] INFO  o.e.m.i.launch.MavenLaunchDelegate - D:\selenium_Java_interviewPrep\TestNGProject\maven-selenium-webdriver-testng-example-project-master\maven-selenium-webdriver-testng-example-project-master
2022-03-25 00:52:51,142 [Worker-45: Launching Executing install in D__selenium_Java_interviewPrep_TestNGProject_maven-selenium-webdriver-testng-example-project-master_maven-selenium-webdriver-testng-example-project-master] INFO  o.e.m.i.launch.MavenLaunchDelegate -  mvn -B install
2022-03-25 00:56:17,867 [Worker-0: Loading available Gradle versions] INFO  o.e.b.c.i.u.g.PublishedGradleVersions - Gradle version information cache is out-of-date. Trying to update.
2022-03-25 00:58:57,865 [Worker-1: Building] INFO  o.e.m.c.i.embedder.EclipseLogger - Using 'UTF-8' encoding to copy filtered resources.
2022-03-25 00:58:57,868 [Worker-1: Building] INFO  o.e.m.c.i.embedder.EclipseLogger - skip non existing resourceDirectory D:\selenium_Java_interviewPrep\TestNGProject\maven-selenium-webdriver-testng-example-project-master\maven-selenium-webdriver-testng-example-project-master\src\main\java\resources
2022-03-25 00:58:57,871 [Worker-1: Building] INFO  o.e.m.c.i.embedder.EclipseLogger - Using 'UTF-8' encoding to copy filtered resources.
2022-03-25 00:58:57,872 [Worker-1: Building] INFO  o.e.m.c.i.embedder.EclipseLogger - skip non existing resourceDirectory D:\selenium_Java_interviewPrep\TestNGProject\maven-selenium-webdriver-testng-example-project-master\maven-selenium-webdriver-testng-example-project-master\src\test\resources
2022-03-27 16:16:15,601 [Worker-17: Building] INFO  o.e.m.c.i.embedder.EclipseLogger - Using 'UTF-8' encoding to copy filtered resources.
2022-03-27 16:16:15,616 [Worker-17: Building] INFO  o.e.m.c.i.embedder.EclipseLogger - skip non existing resourceDirectory D:\selenium_Java_interviewPrep\TestNGProject\maven-selenium-webdriver-testng-example-project-master\maven-selenium-webdriver-testng-example-project-master\src\main\java\resources
2022-03-27 16:16:15,619 [Worker-17: Building] INFO  o.e.m.c.i.embedder.EclipseLogger - Using 'UTF-8' encoding to copy filtered resources.
2022-03-27 16:16:15,619 [Worker-17: Building] INFO  o.e.m.c.i.embedder.EclipseLogger - skip non existing resourceDirectory D:\selenium_Java_interviewPrep\TestNGProject\maven-selenium-webdriver-testng-example-project-master\maven-selenium-webdriver-testng-example-project-master\src\test\resources
2022-03-27 16:17:03,628 [Worker-14: Building] INFO  o.e.m.c.i.embedder.EclipseLogger - Using 'UTF-8' encoding to copy filtered resources.
2022-03-27 16:17:03,628 [Worker-14: Building] INFO  o.e.m.c.i.embedder.EclipseLogger - skip non existing resourceDirectory D:\selenium_Java_interviewPrep\TestNGProject\maven-selenium-webdriver-testng-example-project-master\maven-selenium-webdriver-testng-example-project-master\src\main\java\resources
2022-03-27 16:17:03,636 [Worker-14: Building] INFO  o.e.m.c.i.embedder.EclipseLogger - Using 'UTF-8' encoding to copy filtered resources.
2022-03-27 16:17:03,637 [Worker-14: Building] INFO  o.e.m.c.i.embedder.EclipseLogger - skip non existing resourceDirectory D:\selenium_Java_interviewPrep\TestNGProject\maven-selenium-webdriver-testng-example-project-master\maven-selenium-webdriver-testng-example-project-master\src\test\resources
2022-03-27 16:20:13,955 [Worker-17: Building] INFO  o.e.m.c.i.embedder.EclipseLogger - Using 'UTF-8' encoding to copy filtered resources.
2022-03-27 16:20:13,956 [Worker-17: Building] INFO  o.e.m.c.i.embedder.EclipseLogger - skip non existing resourceDirectory D:\selenium_Java_interviewPrep\TestNGProject\maven-selenium-webdriver-testng-example-project-master\maven-selenium-webdriver-testng-example-project-master\src\main\java\resources
2022-03-27 16:20:13,958 [Worker-17: Building] INFO  o.e.m.c.i.embedder.EclipseLogger - Using 'UTF-8' encoding to copy filtered resources.
2022-03-27 16:20:13,959 [Worker-17: Building] INFO  o.e.m.c.i.embedder.EclipseLogger - skip non existing resourceDirectory D:\selenium_Java_interviewPrep\TestNGProject\maven-selenium-webdriver-testng-example-project-master\maven-selenium-webdriver-testng-example-project-master\src\test\resources
2022-03-27 16:20:32,329 [Worker-12: Building] INFO  o.e.m.c.i.embedder.EclipseLogger - Using 'UTF-8' encoding to copy filtered resources.
2022-03-27 16:20:32,329 [Worker-12: Building] INFO  o.e.m.c.i.embedder.EclipseLogger - skip non existing resourceDirectory D:\selenium_Java_interviewPrep\TestNGProject\maven-selenium-webdriver-testng-example-project-master\maven-selenium-webdriver-testng-example-project-master\src\main\java\resources
2022-03-27 16:20:32,331 [Worker-12: Building] INFO  o.e.m.c.i.embedder.EclipseLogger - Using 'UTF-8' encoding to copy filtered resources.
2022-03-27 16:20:32,331 [Worker-12: Building] INFO  o.e.m.c.i.embedder.EclipseLogger - skip non existing resourceDirectory D:\selenium_Java_interviewPrep\TestNGProject\maven-selenium-webdriver-testng-example-project-master\maven-selenium-webdriver-testng-example-project-master\src\test\resources
2022-03-27 16:20:41,800 [Worker-12: Building] INFO  o.e.m.c.i.embedder.EclipseLogger - Using 'UTF-8' encoding to copy filtered resources.
2022-03-27 16:20:41,800 [Worker-12: Building] INFO  o.e.m.c.i.embedder.EclipseLogger - skip non existing resourceDirectory D:\selenium_Java_interviewPrep\TestNGProject\maven-selenium-webdriver-testng-example-project-master\maven-selenium-webdriver-testng-example-project-master\src\main\java\resources
2022-03-27 16:20:41,802 [Worker-12: Building] INFO  o.e.m.c.i.embedder.EclipseLogger - Using 'UTF-8' encoding to copy filtered resources.
2022-03-27 16:20:41,802 [Worker-12: Building] INFO  o.e.m.c.i.embedder.EclipseLogger - skip non existing resourceDirectory D:\selenium_Java_interviewPrep\TestNGProject\maven-selenium-webdriver-testng-example-project-master\maven-selenium-webdriver-testng-example-project-master\src\test\resources
2022-03-27 16:20:50,737 [Worker-19: Building] INFO  o.e.m.c.i.embedder.EclipseLogger - Using 'UTF-8' encoding to copy filtered resources.
2022-03-27 16:20:50,737 [Worker-19: Building] INFO  o.e.m.c.i.embedder.EclipseLogger - skip non existing resourceDirectory D:\selenium_Java_interviewPrep\TestNGProject\maven-selenium-webdriver-testng-example-project-master\maven-selenium-webdriver-testng-example-project-master\src\main\java\resources
2022-03-27 16:20:50,739 [Worker-19: Building] INFO  o.e.m.c.i.embedder.EclipseLogger - Using 'UTF-8' encoding to copy filtered resources.
2022-03-27 16:20:50,739 [Worker-19: Building] INFO  o.e.m.c.i.embedder.EclipseLogger - skip non existing resourceDirectory D:\selenium_Java_interviewPrep\TestNGProject\maven-selenium-webdriver-testng-example-project-master\maven-selenium-webdriver-testng-example-project-master\src\test\resources
2022-03-27 16:22:02,107 [Worker-18: Building] INFO  o.e.m.c.i.embedder.EclipseLogger - Using 'UTF-8' encoding to copy filtered resources.
2022-03-27 16:22:02,108 [Worker-18: Building] INFO  o.e.m.c.i.embedder.EclipseLogger - skip non existing resourceDirectory D:\selenium_Java_interviewPrep\TestNGProject\maven-selenium-webdriver-testng-example-project-master\maven-selenium-webdriver-testng-example-project-master\src\main\java\resources
2022-03-27 16:22:02,111 [Worker-18: Building] INFO  o.e.m.c.i.embedder.EclipseLogger - Using 'UTF-8' encoding to copy filtered resources.
2022-03-27 16:22:02,111 [Worker-18: Building] INFO  o.e.m.c.i.embedder.EclipseLogger - skip non existing resourceDirectory D:\selenium_Java_interviewPrep\TestNGProject\maven-selenium-webdriver-testng-example-project-master\maven-selenium-webdriver-testng-example-project-master\src\test\resources
2022-03-27 16:22:13,639 [Worker-19: Building] INFO  o.e.m.c.i.embedder.EclipseLogger - Using 'UTF-8' encoding to copy filtered resources.
2022-03-27 16:22:13,640 [Worker-19: Building] INFO  o.e.m.c.i.embedder.EclipseLogger - skip non existing resourceDirectory D:\selenium_Java_interviewPrep\TestNGProject\maven-selenium-webdriver-testng-example-project-master\maven-selenium-webdriver-testng-example-project-master\src\main\java\resources
2022-03-27 16:22:13,642 [Worker-19: Building] INFO  o.e.m.c.i.embedder.EclipseLogger - Using 'UTF-8' encoding to copy filtered resources.
2022-03-27 16:22:13,642 [Worker-19: Building] INFO  o.e.m.c.i.embedder.EclipseLogger - skip non existing resourceDirectory D:\selenium_Java_interviewPrep\TestNGProject\maven-selenium-webdriver-testng-example-project-master\maven-selenium-webdriver-testng-example-project-master\src\test\resources
2022-03-27 16:23:16,902 [Worker-18: Building] INFO  o.e.m.c.i.embedder.EclipseLogger - Using 'UTF-8' encoding to copy filtered resources.
2022-03-27 16:23:16,903 [Worker-18: Building] INFO  o.e.m.c.i.embedder.EclipseLogger - skip non existing resourceDirectory D:\selenium_Java_interviewPrep\TestNGProject\maven-selenium-webdriver-testng-example-project-master\maven-selenium-webdriver-testng-example-project-master\src\main\java\resources
2022-03-27 16:23:16,905 [Worker-18: Building] INFO  o.e.m.c.i.embedder.EclipseLogger - Using 'UTF-8' encoding to copy filtered resources.
2022-03-27 16:23:16,905 [Worker-18: Building] INFO  o.e.m.c.i.embedder.EclipseLogger - skip non existing resourceDirectory D:\selenium_Java_interviewPrep\TestNGProject\maven-selenium-webdriver-testng-example-project-master\maven-selenium-webdriver-testng-example-project-master\src\test\resources
2022-03-27 16:23:58,034 [Worker-14: Building] INFO  o.e.m.c.i.embedder.EclipseLogger - Using 'UTF-8' encoding to copy filtered resources.
2022-03-27 16:23:58,035 [Worker-14: Building] INFO  o.e.m.c.i.embedder.EclipseLogger - skip non existing resourceDirectory D:\selenium_Java_interviewPrep\TestNGProject\maven-selenium-webdriver-testng-example-project-master\maven-selenium-webdriver-testng-example-project-master\src\main\java\resources
2022-03-27 16:23:58,037 [Worker-14: Building] INFO  o.e.m.c.i.embedder.EclipseLogger - Using 'UTF-8' encoding to copy filtered resources.
2022-03-27 16:23:58,037 [Worker-14: Building] INFO  o.e.m.c.i.embedder.EclipseLogger - skip non existing resourceDirectory D:\selenium_Java_interviewPrep\TestNGProject\maven-selenium-webdriver-testng-example-project-master\maven-selenium-webdriver-testng-example-project-master\src\test\resources
2022-03-27 16:24:26,565 [Worker-16: Building] INFO  o.e.m.c.i.embedder.EclipseLogger - Using 'UTF-8' encoding to copy filtered resources.
2022-03-27 16:24:26,565 [Worker-16: Building] INFO  o.e.m.c.i.embedder.EclipseLogger - skip non existing resourceDirectory D:\selenium_Java_interviewPrep\TestNGProject\maven-selenium-webdriver-testng-example-project-master\maven-selenium-webdriver-testng-example-project-master\src\main\java\resources
2022-03-27 16:24:26,566 [Worker-16: Building] INFO  o.e.m.c.i.embedder.EclipseLogger - Using 'UTF-8' encoding to copy filtered resources.
2022-03-27 16:24:26,567 [Worker-16: Building] INFO  o.e.m.c.i.embedder.EclipseLogger - skip non existing resourceDirectory D:\selenium_Java_interviewPrep\TestNGProject\maven-selenium-webdriver-testng-example-project-master\maven-selenium-webdriver-testng-example-project-master\src\test\resources
2022-03-27 16:24:57,577 [Worker-18: Building] INFO  o.e.m.c.i.embedder.EclipseLogger - Using 'UTF-8' encoding to copy filtered resources.
2022-03-27 16:24:57,577 [Worker-18: Building] INFO  o.e.m.c.i.embedder.EclipseLogger - skip non existing resourceDirectory D:\selenium_Java_interviewPrep\TestNGProject\maven-selenium-webdriver-testng-example-project-master\maven-selenium-webdriver-testng-example-project-master\src\main\java\resources
2022-03-27 16:24:57,579 [Worker-18: Building] INFO  o.e.m.c.i.embedder.EclipseLogger - Using 'UTF-8' encoding to copy filtered resources.
2022-03-27 16:24:57,579 [Worker-18: Building] INFO  o.e.m.c.i.embedder.EclipseLogger - skip non existing resourceDirectory D:\selenium_Java_interviewPrep\TestNGProject\maven-selenium-webdriver-testng-example-project-master\maven-selenium-webdriver-testng-example-project-master\src\test\resources
2022-03-27 16:25:21,143 [Worker-12: Building] INFO  o.e.m.c.i.embedder.EclipseLogger - Using 'UTF-8' encoding to copy filtered resources.
2022-03-27 16:25:21,144 [Worker-12: Building] INFO  o.e.m.c.i.embedder.EclipseLogger - skip non existing resourceDirectory D:\selenium_Java_interviewPrep\TestNGProject\maven-selenium-webdriver-testng-example-project-master\maven-selenium-webdriver-testng-example-project-master\src\main\java\resources
2022-03-27 16:25:21,145 [Worker-12: Building] INFO  o.e.m.c.i.embedder.EclipseLogger - Using 'UTF-8' encoding to copy filtered resources.
2022-03-27 16:25:21,145 [Worker-12: Building] INFO  o.e.m.c.i.embedder.EclipseLogger - skip non existing resourceDirectory D:\selenium_Java_interviewPrep\TestNGProject\maven-selenium-webdriver-testng-example-project-master\maven-selenium-webdriver-testng-example-project-master\src\test\resources
2022-03-27 16:25:26,411 [Worker-14: Building] INFO  o.e.m.c.i.embedder.EclipseLogger - Using 'UTF-8' encoding to copy filtered resources.
2022-03-27 16:25:26,411 [Worker-14: Building] INFO  o.e.m.c.i.embedder.EclipseLogger - skip non existing resourceDirectory D:\selenium_Java_interviewPrep\TestNGProject\maven-selenium-webdriver-testng-example-project-master\maven-selenium-webdriver-testng-example-project-master\src\main\java\resources
2022-03-27 16:25:26,412 [Worker-14: Building] INFO  o.e.m.c.i.embedder.EclipseLogger - Using 'UTF-8' encoding to copy filtered resources.
2022-03-27 16:25:26,413 [Worker-14: Building] INFO  o.e.m.c.i.embedder.EclipseLogger - skip non existing resourceDirectory D:\selenium_Java_interviewPrep\TestNGProject\maven-selenium-webdriver-testng-example-project-master\maven-selenium-webdriver-testng-example-project-master\src\test\resources
2022-03-27 16:25:43,414 [Worker-14: Building] INFO  o.e.m.c.i.embedder.EclipseLogger - Using 'UTF-8' encoding to copy filtered resources.
2022-03-27 16:25:43,416 [Worker-14: Building] INFO  o.e.m.c.i.embedder.EclipseLogger - skip non existing resourceDirectory D:\selenium_Java_interviewPrep\TestNGProject\maven-selenium-webdriver-testng-example-project-master\maven-selenium-webdriver-testng-example-project-master\src\main\java\resources
2022-03-27 16:25:43,419 [Worker-14: Building] INFO  o.e.m.c.i.embedder.EclipseLogger - Using 'UTF-8' encoding to copy filtered resources.
2022-03-27 16:25:43,420 [Worker-14: Building] INFO  o.e.m.c.i.embedder.EclipseLogger - skip non existing resourceDirectory D:\selenium_Java_interviewPrep\TestNGProject\maven-selenium-webdriver-testng-example-project-master\maven-selenium-webdriver-testng-example-project-master\src\test\resources
2022-03-28 09:04:19,611 [Worker-1: Loading available Gradle versions] INFO  o.e.b.c.i.u.g.PublishedGradleVersions - Gradle version information cache is out-of-date. Trying to update.
2022-03-28 09:07:20,197 [Worker-10: Building] INFO  o.e.m.c.i.embedder.EclipseLogger - Using 'UTF-8' encoding to copy filtered resources.
2022-03-28 09:07:20,200 [Worker-10: Building] INFO  o.e.m.c.i.embedder.EclipseLogger - skip non existing resourceDirectory D:\selenium_Java_interviewPrep\TestNGProject\maven-selenium-webdriver-testng-example-project-master\maven-selenium-webdriver-testng-example-project-master\src\main\java\resources
2022-03-28 09:07:20,203 [Worker-10: Building] INFO  o.e.m.c.i.embedder.EclipseLogger - Using 'UTF-8' encoding to copy filtered resources.
2022-03-28 09:07:20,203 [Worker-10: Building] INFO  o.e.m.c.i.embedder.EclipseLogger - skip non existing resourceDirectory D:\selenium_Java_interviewPrep\TestNGProject\maven-selenium-webdriver-testng-example-project-master\maven-selenium-webdriver-testng-example-project-master\src\test\resources
2022-03-28 09:08:59,677 [Worker-10: Building] INFO  o.e.m.c.i.embedder.EclipseLogger - Using 'UTF-8' encoding to copy filtered resources.
2022-03-28 09:08:59,677 [Worker-10: Building] INFO  o.e.m.c.i.embedder.EclipseLogger - skip non existing resourceDirectory D:\selenium_Java_interviewPrep\TestNGProject\maven-selenium-webdriver-testng-example-project-master\maven-selenium-webdriver-testng-example-project-master\src\main\java\resources
2022-03-28 09:08:59,678 [Worker-10: Building] INFO  o.e.m.c.i.embedder.EclipseLogger - Using 'UTF-8' encoding to copy filtered resources.
2022-03-28 09:08:59,679 [Worker-10: Building] INFO  o.e.m.c.i.embedder.EclipseLogger - skip non existing resourceDirectory D:\selenium_Java_interviewPrep\TestNGProject\maven-selenium-webdriver-testng-example-project-master\maven-selenium-webdriver-testng-example-project-master\src\test\resources
2022-03-28 09:09:05,339 [Worker-12: Building] INFO  o.e.m.c.i.embedder.EclipseLogger - Using 'UTF-8' encoding to copy filtered resources.
2022-03-28 09:09:05,340 [Worker-12: Building] INFO  o.e.m.c.i.embedder.EclipseLogger - skip non existing resourceDirectory D:\selenium_Java_interviewPrep\TestNGProject\maven-selenium-webdriver-testng-example-project-master\maven-selenium-webdriver-testng-example-project-master\src\main\java\resources
2022-03-28 09:09:05,342 [Worker-12: Building] INFO  o.e.m.c.i.embedder.EclipseLogger - Using 'UTF-8' encoding to copy filtered resources.
2022-03-28 09:09:05,342 [Worker-12: Building] INFO  o.e.m.c.i.embedder.EclipseLogger - skip non existing resourceDirectory D:\selenium_Java_interviewPrep\TestNGProject\maven-selenium-webdriver-testng-example-project-master\maven-selenium-webdriver-testng-example-project-master\src\test\resources
2022-03-28 09:09:16,307 [Worker-10: Building] INFO  o.e.m.c.i.embedder.EclipseLogger - Using 'UTF-8' encoding to copy filtered resources.
2022-03-28 09:09:16,307 [Worker-10: Building] INFO  o.e.m.c.i.embedder.EclipseLogger - skip non existing resourceDirectory D:\selenium_Java_interviewPrep\TestNGProject\maven-selenium-webdriver-testng-example-project-master\maven-selenium-webdriver-testng-example-project-master\src\main\java\resources
2022-03-28 09:09:16,309 [Worker-10: Building] INFO  o.e.m.c.i.embedder.EclipseLogger - Using 'UTF-8' encoding to copy filtered resources.
2022-03-28 09:09:16,309 [Worker-10: Building] INFO  o.e.m.c.i.embedder.EclipseLogger - skip non existing resourceDirectory D:\selenium_Java_interviewPrep\TestNGProject\maven-selenium-webdriver-testng-example-project-master\maven-selenium-webdriver-testng-example-project-master\src\test\resources
2022-03-28 09:10:32,099 [Worker-12: Building] INFO  o.e.m.c.i.embedder.EclipseLogger - Using 'UTF-8' encoding to copy filtered resources.
2022-03-28 09:10:32,100 [Worker-12: Building] INFO  o.e.m.c.i.embedder.EclipseLogger - skip non existing resourceDirectory D:\selenium_Java_interviewPrep\TestNGProject\maven-selenium-webdriver-testng-example-project-master\maven-selenium-webdriver-testng-example-project-master\src\main\java\resources
2022-03-28 09:10:32,102 [Worker-12: Building] INFO  o.e.m.c.i.embedder.EclipseLogger - Using 'UTF-8' encoding to copy filtered resources.
2022-03-28 09:10:32,103 [Worker-12: Building] INFO  o.e.m.c.i.embedder.EclipseLogger - skip non existing resourceDirectory D:\selenium_Java_interviewPrep\TestNGProject\maven-selenium-webdriver-testng-example-project-master\maven-selenium-webdriver-testng-example-project-master\src\test\resources
2022-03-28 09:11:19,182 [Worker-13: Building] INFO  o.e.m.c.i.embedder.EclipseLogger - Using 'UTF-8' encoding to copy filtered resources.
2022-03-28 09:11:19,182 [Worker-13: Building] INFO  o.e.m.c.i.embedder.EclipseLogger - skip non existing resourceDirectory D:\selenium_Java_interviewPrep\TestNGProject\maven-selenium-webdriver-testng-example-project-master\maven-selenium-webdriver-testng-example-project-master\src\main\java\resources
2022-03-28 09:11:19,184 [Worker-13: Building] INFO  o.e.m.c.i.embedder.EclipseLogger - Using 'UTF-8' encoding to copy filtered resources.
2022-03-28 09:11:19,184 [Worker-13: Building] INFO  o.e.m.c.i.embedder.EclipseLogger - skip non existing resourceDirectory D:\selenium_Java_interviewPrep\TestNGProject\maven-selenium-webdriver-testng-example-project-master\maven-selenium-webdriver-testng-example-project-master\src\test\resources
2022-03-28 09:17:54,840 [Worker-16: Building] INFO  o.e.m.c.i.embedder.EclipseLogger - Using 'UTF-8' encoding to copy filtered resources.
2022-03-28 09:17:54,840 [Worker-16: Building] INFO  o.e.m.c.i.embedder.EclipseLogger - skip non existing resourceDirectory D:\selenium_Java_interviewPrep\TestNGProject\maven-selenium-webdriver-testng-example-project-master\maven-selenium-webdriver-testng-example-project-master\src\main\java\resources
2022-03-28 09:17:54,842 [Worker-16: Building] INFO  o.e.m.c.i.embedder.EclipseLogger - Using 'UTF-8' encoding to copy filtered resources.
2022-03-28 09:17:54,842 [Worker-16: Building] INFO  o.e.m.c.i.embedder.EclipseLogger - skip non existing resourceDirectory D:\selenium_Java_interviewPrep\TestNGProject\maven-selenium-webdriver-testng-example-project-master\maven-selenium-webdriver-testng-example-project-master\src\test\resources
2022-03-28 09:21:54,190 [Worker-12: Building] INFO  o.e.m.c.i.embedder.EclipseLogger - Using 'UTF-8' encoding to copy filtered resources.
2022-03-28 09:21:54,191 [Worker-12: Building] INFO  o.e.m.c.i.embedder.EclipseLogger - skip non existing resourceDirectory D:\selenium_Java_interviewPrep\TestNGProject\maven-selenium-webdriver-testng-example-project-master\maven-selenium-webdriver-testng-example-project-master\src\main\java\resources
2022-03-28 09:21:54,193 [Worker-12: Building] INFO  o.e.m.c.i.embedder.EclipseLogger - Using 'UTF-8' encoding to copy filtered resources.
2022-03-28 09:21:54,193 [Worker-12: Building] INFO  o.e.m.c.i.embedder.EclipseLogger - skip non existing resourceDirectory D:\selenium_Java_interviewPrep\TestNGProject\maven-selenium-webdriver-testng-example-project-master\maven-selenium-webdriver-testng-example-project-master\src\test\resources
